0 silly input []
1 silly flags { _: [ 'bootstrap' ],
1 silly flags   'reject-cycles': false,
1 silly flags   rejectCycles: false,
1 silly flags   args: [] }
2 verbose rootPath /Users/grape/Sources/agrarium
3 info version 2.5.1
4 info versioning independent
5 silly existsSync /Users/grape/Sources/agrarium/VERSION
6 silly initialize attempt
7 silly npmConfig { registry: undefined,
7 silly npmConfig   npmClient: 'npm',
7 silly npmConfig   npmClientArgs: [ '--no-package-lock' ],
7 silly npmConfig   mutex: undefined }
8 silly initialize success
9 silly execute attempt
10 info Bootstrapping 7 packages
11 info lifecycle preinstall
12 silly runScript preinstall @agrarium/builder-xjst
13 silly @agrarium/builder-xjst
14 silly runScript preinstall @agrarium/core
15 silly @agrarium/core
16 silly runScript preinstall @agrarium/plugin-jsdoc
17 silly @agrarium/plugin-jsdoc
18 silly runScript preinstall @agrarium/plugin-list
19 silly @agrarium/plugin-list
20 silly runScript preinstall @agrarium/plugin
21 silly @agrarium/plugin
22 silly runScript preinstall @agrarium/plugin-markdown
23 silly @agrarium/plugin-markdown
24 silly runScript preinstall @agrarium/preset-bem
25 silly @agrarium/preset-bem
26 silly hasMatchingDependency @agrarium/plugin-markdown @agrarium/plugin
27 silly hasMatchingDependency @agrarium/preset-bem @agrarium/core
28 silly hasMatchingDependency @agrarium/preset-bem @agrarium/plugin-list
29 silly hasMatchingDependency @agrarium/preset-bem @agrarium/plugin-markdown
30 silly hasMatchingDependency @agrarium/preset-bem @agrarium/builder-xjst
31 silly hasDependencyInstalled @agrarium/builder-xjst autoprefixer
32 silly dependencyIsSatisfied [ 'autoprefixer',
32 silly dependencyIsSatisfied   '^7.1.6',
32 silly dependencyIsSatisfied   '/Users/grape/Sources/agrarium/packages/builder-xjst/node_modules' ]
33 verbose dependencyIsSatisfied autoprefixer true
34 silly hasDependencyInstalled @agrarium/builder-xjst @bem/sdk.bundle
35 silly dependencyIsSatisfied [ '@bem/sdk.bundle',
35 silly dependencyIsSatisfied   '^0.2.1',
35 silly dependencyIsSatisfied   '/Users/grape/Sources/agrarium/packages/builder-xjst/node_modules' ]
36 verbose dependencyIsSatisfied @bem/sdk.bundle true
37 silly hasDependencyInstalled @agrarium/builder-xjst bem-xjst
38 silly dependencyIsSatisfied [ 'bem-xjst',
38 silly dependencyIsSatisfied   '^8.8.4',
38 silly dependencyIsSatisfied   '/Users/grape/Sources/agrarium/packages/builder-xjst/node_modules' ]
39 verbose dependencyIsSatisfied bem-xjst true
40 silly hasDependencyInstalled @agrarium/builder-xjst gulp
41 silly dependencyIsSatisfied [ 'gulp',
41 silly dependencyIsSatisfied   'github:gulpjs/gulp#4.0',
41 silly dependencyIsSatisfied   '/Users/grape/Sources/agrarium/packages/builder-xjst/node_modules' ]
42 verbose dependencyIsSatisfied gulp false
43 silly hasDependencyInstalled @agrarium/builder-xjst gulp-bem-bundle-builder
44 silly dependencyIsSatisfied [ 'gulp-bem-bundle-builder',
44 silly dependencyIsSatisfied   '^0.1.4',
44 silly dependencyIsSatisfied   '/Users/grape/Sources/agrarium/packages/builder-xjst/node_modules' ]
45 verbose dependencyIsSatisfied gulp-bem-bundle-builder true
46 silly hasDependencyInstalled @agrarium/builder-xjst gulp-bem-xjst
47 silly dependencyIsSatisfied [ 'gulp-bem-xjst',
47 silly dependencyIsSatisfied   '^3.0.0',
47 silly dependencyIsSatisfied   '/Users/grape/Sources/agrarium/packages/builder-xjst/node_modules' ]
48 verbose dependencyIsSatisfied gulp-bem-xjst true
49 silly hasDependencyInstalled @agrarium/builder-xjst gulp-concat
50 silly dependencyIsSatisfied [ 'gulp-concat',
50 silly dependencyIsSatisfied   '^2.6.1',
50 silly dependencyIsSatisfied   '/Users/grape/Sources/agrarium/packages/builder-xjst/node_modules' ]
51 verbose dependencyIsSatisfied gulp-concat true
52 silly hasDependencyInstalled @agrarium/builder-xjst gulp-csso
53 silly dependencyIsSatisfied [ 'gulp-csso',
53 silly dependencyIsSatisfied   '^3.0.0',
53 silly dependencyIsSatisfied   '/Users/grape/Sources/agrarium/packages/builder-xjst/node_modules' ]
54 verbose dependencyIsSatisfied gulp-csso true
55 silly hasDependencyInstalled @agrarium/builder-xjst gulp-debug
56 silly dependencyIsSatisfied [ 'gulp-debug',
56 silly dependencyIsSatisfied   '^3.1.0',
56 silly dependencyIsSatisfied   '/Users/grape/Sources/agrarium/packages/builder-xjst/node_modules' ]
57 verbose dependencyIsSatisfied gulp-debug true
58 silly hasDependencyInstalled @agrarium/builder-xjst gulp-one-of
59 silly dependencyIsSatisfied [ 'gulp-one-of',
59 silly dependencyIsSatisfied   '^1.0.1',
59 silly dependencyIsSatisfied   '/Users/grape/Sources/agrarium/packages/builder-xjst/node_modules' ]
60 verbose dependencyIsSatisfied gulp-one-of true
61 silly hasDependencyInstalled @agrarium/builder-xjst gulp-postcss
62 silly dependencyIsSatisfied [ 'gulp-postcss',
62 silly dependencyIsSatisfied   '^7.0.0',
62 silly dependencyIsSatisfied   '/Users/grape/Sources/agrarium/packages/builder-xjst/node_modules' ]
63 verbose dependencyIsSatisfied gulp-postcss true
64 silly hasDependencyInstalled @agrarium/builder-xjst gulp-uglify
65 silly dependencyIsSatisfied [ 'gulp-uglify',
65 silly dependencyIsSatisfied   '^3.0.0',
65 silly dependencyIsSatisfied   '/Users/grape/Sources/agrarium/packages/builder-xjst/node_modules' ]
66 verbose dependencyIsSatisfied gulp-uglify true
67 silly hasDependencyInstalled @agrarium/builder-xjst merge2
68 silly dependencyIsSatisfied [ 'merge2',
68 silly dependencyIsSatisfied   '^1.2.0',
68 silly dependencyIsSatisfied   '/Users/grape/Sources/agrarium/packages/builder-xjst/node_modules' ]
69 verbose dependencyIsSatisfied merge2 true
70 silly hasDependencyInstalled @agrarium/builder-xjst postcss-calc
71 silly dependencyIsSatisfied [ 'postcss-calc',
71 silly dependencyIsSatisfied   '^6.0.1',
71 silly dependencyIsSatisfied   '/Users/grape/Sources/agrarium/packages/builder-xjst/node_modules' ]
72 verbose dependencyIsSatisfied postcss-calc true
73 silly hasDependencyInstalled @agrarium/builder-xjst postcss-each
74 silly dependencyIsSatisfied [ 'postcss-each',
74 silly dependencyIsSatisfied   '^0.10.0',
74 silly dependencyIsSatisfied   '/Users/grape/Sources/agrarium/packages/builder-xjst/node_modules' ]
75 verbose dependencyIsSatisfied postcss-each true
76 silly hasDependencyInstalled @agrarium/builder-xjst postcss-for
77 silly dependencyIsSatisfied [ 'postcss-for',
77 silly dependencyIsSatisfied   '^2.1.1',
77 silly dependencyIsSatisfied   '/Users/grape/Sources/agrarium/packages/builder-xjst/node_modules' ]
78 verbose dependencyIsSatisfied postcss-for true
79 silly hasDependencyInstalled @agrarium/builder-xjst postcss-import
80 silly dependencyIsSatisfied [ 'postcss-import',
80 silly dependencyIsSatisfied   '^11.0.0',
80 silly dependencyIsSatisfied   '/Users/grape/Sources/agrarium/packages/builder-xjst/node_modules' ]
81 verbose dependencyIsSatisfied postcss-import true
82 silly hasDependencyInstalled @agrarium/builder-xjst postcss-nested
83 silly dependencyIsSatisfied [ 'postcss-nested',
83 silly dependencyIsSatisfied   '^2.1.2',
83 silly dependencyIsSatisfied   '/Users/grape/Sources/agrarium/packages/builder-xjst/node_modules' ]
84 verbose dependencyIsSatisfied postcss-nested true
85 silly hasDependencyInstalled @agrarium/builder-xjst postcss-reporter
86 silly dependencyIsSatisfied [ 'postcss-reporter',
86 silly dependencyIsSatisfied   '^5.0.0',
86 silly dependencyIsSatisfied   '/Users/grape/Sources/agrarium/packages/builder-xjst/node_modules' ]
87 verbose dependencyIsSatisfied postcss-reporter true
88 silly hasDependencyInstalled @agrarium/builder-xjst postcss-simple-vars
89 silly dependencyIsSatisfied [ 'postcss-simple-vars',
89 silly dependencyIsSatisfied   '^4.1.0',
89 silly dependencyIsSatisfied   '/Users/grape/Sources/agrarium/packages/builder-xjst/node_modules' ]
90 verbose dependencyIsSatisfied postcss-simple-vars true
91 silly hasDependencyInstalled @agrarium/builder-xjst postcss-url
92 silly dependencyIsSatisfied [ 'postcss-url',
92 silly dependencyIsSatisfied   '^7.1.2',
92 silly dependencyIsSatisfied   '/Users/grape/Sources/agrarium/packages/builder-xjst/node_modules' ]
93 verbose dependencyIsSatisfied postcss-url true
94 silly hasDependencyInstalled @agrarium/builder-xjst rebem-css
95 silly dependencyIsSatisfied [ 'rebem-css',
95 silly dependencyIsSatisfied   '^0.2.0',
95 silly dependencyIsSatisfied   '/Users/grape/Sources/agrarium/packages/builder-xjst/node_modules' ]
96 verbose dependencyIsSatisfied rebem-css true
97 silly hasDependencyInstalled @agrarium/builder-xjst ym
98 silly dependencyIsSatisfied [ 'ym',
98 silly dependencyIsSatisfied   '^0.1.2',
98 silly dependencyIsSatisfied   '/Users/grape/Sources/agrarium/packages/builder-xjst/node_modules' ]
99 verbose dependencyIsSatisfied ym true
100 silly hasDependencyInstalled @agrarium/builder-xjst mississippi
101 silly dependencyIsSatisfied [ 'mississippi',
101 silly dependencyIsSatisfied   '^1.3.0',
101 silly dependencyIsSatisfied   '/Users/grape/Sources/agrarium/packages/builder-xjst/node_modules' ]
102 verbose dependencyIsSatisfied mississippi true
103 silly hasDependencyInstalled @agrarium/core mississippi
104 silly dependencyIsSatisfied [ 'mississippi',
104 silly dependencyIsSatisfied   '^1.3.0',
104 silly dependencyIsSatisfied   '/Users/grape/Sources/agrarium/packages/core/node_modules' ]
105 verbose dependencyIsSatisfied mississippi true
106 silly hasDependencyInstalled @agrarium/preset-bem mississippi
107 silly dependencyIsSatisfied [ 'mississippi',
107 silly dependencyIsSatisfied   '^1.3.0',
107 silly dependencyIsSatisfied   '/Users/grape/Sources/agrarium/packages/preset-bem/node_modules' ]
108 verbose dependencyIsSatisfied mississippi true
109 silly hasDependencyInstalled @agrarium/core @bem/sdk.walk
110 silly dependencyIsSatisfied [ '@bem/sdk.walk',
110 silly dependencyIsSatisfied   '^0.2.1',
110 silly dependencyIsSatisfied   '/Users/grape/Sources/agrarium/packages/core/node_modules' ]
111 verbose dependencyIsSatisfied @bem/sdk.walk true
112 silly hasDependencyInstalled @agrarium/core node-eval
113 silly dependencyIsSatisfied [ 'node-eval',
113 silly dependencyIsSatisfied   '^1.1.1',
113 silly dependencyIsSatisfied   '/Users/grape/Sources/agrarium/packages/core/node_modules' ]
114 verbose dependencyIsSatisfied node-eval true
115 silly hasDependencyInstalled @agrarium/preset-bem node-eval
116 silly dependencyIsSatisfied [ 'node-eval',
116 silly dependencyIsSatisfied   '^2.0.0',
116 silly dependencyIsSatisfied   '/Users/grape/Sources/agrarium/packages/preset-bem/node_modules' ]
117 verbose dependencyIsSatisfied node-eval false
118 silly hasDependencyInstalled @agrarium/core stream-to-array
119 silly dependencyIsSatisfied [ 'stream-to-array',
119 silly dependencyIsSatisfied   '^2.3.0',
119 silly dependencyIsSatisfied   '/Users/grape/Sources/agrarium/packages/core/node_modules' ]
120 verbose dependencyIsSatisfied stream-to-array true
121 silly hasDependencyInstalled @agrarium/core vinyl
122 silly dependencyIsSatisfied [ 'vinyl',
122 silly dependencyIsSatisfied   '^2.1.0',
122 silly dependencyIsSatisfied   '/Users/grape/Sources/agrarium/packages/core/node_modules' ]
123 verbose dependencyIsSatisfied vinyl true
124 silly hasDependencyInstalled @agrarium/plugin-jsdoc comment-parser
125 silly dependencyIsSatisfied [ 'comment-parser',
125 silly dependencyIsSatisfied   '^0.4.2',
125 silly dependencyIsSatisfied   '/Users/grape/Sources/agrarium/packages/plugin-jsdoc/node_modules' ]
126 verbose dependencyIsSatisfied comment-parser true
127 silly hasDependencyInstalled @agrarium/plugin-markdown posthtml
128 silly dependencyIsSatisfied [ 'posthtml',
128 silly dependencyIsSatisfied   '^0.11.0',
128 silly dependencyIsSatisfied   '/Users/grape/Sources/agrarium/packages/plugin-markdown/node_modules' ]
129 verbose dependencyIsSatisfied posthtml false
130 silly hasDependencyInstalled @agrarium/plugin-markdown postmd
131 silly dependencyIsSatisfied [ 'postmd',
131 silly dependencyIsSatisfied   '0.0.2',
131 silly dependencyIsSatisfied   '/Users/grape/Sources/agrarium/packages/plugin-markdown/node_modules' ]
132 verbose dependencyIsSatisfied postmd true
133 silly hasDependencyInstalled @agrarium/preset-bem bem-components
134 silly dependencyIsSatisfied [ 'bem-components',
134 silly dependencyIsSatisfied   '^6.0.1',
134 silly dependencyIsSatisfied   '/Users/grape/Sources/agrarium/packages/preset-bem/node_modules' ]
135 verbose dependencyIsSatisfied bem-components true
136 silly hasDependencyInstalled @agrarium/preset-bem bem-core
137 silly dependencyIsSatisfied [ 'bem-core',
137 silly dependencyIsSatisfied   '^3.2.1',
137 silly dependencyIsSatisfied   '/Users/grape/Sources/agrarium/packages/preset-bem/node_modules' ]
138 verbose dependencyIsSatisfied bem-core true
139 silly root dependencies []
140 silly leaf dependencies {
140 silly leaf dependencies   "@agrarium/builder-xjst": [
140 silly leaf dependencies     {
140 silly leaf dependencies       "dependency": "autoprefixer@^7.1.6",
140 silly leaf dependencies       "isSatisfied": true
140 silly leaf dependencies     },
140 silly leaf dependencies     {
140 silly leaf dependencies       "dependency": "@bem/sdk.bundle@^0.2.1",
140 silly leaf dependencies       "isSatisfied": true
140 silly leaf dependencies     },
140 silly leaf dependencies     {
140 silly leaf dependencies       "dependency": "bem-xjst@^8.8.4",
140 silly leaf dependencies       "isSatisfied": true
140 silly leaf dependencies     },
140 silly leaf dependencies     {
140 silly leaf dependencies       "dependency": "gulp@github:gulpjs/gulp#4.0",
140 silly leaf dependencies       "isSatisfied": false
140 silly leaf dependencies     },
140 silly leaf dependencies     {
140 silly leaf dependencies       "dependency": "gulp-bem-bundle-builder@^0.1.4",
140 silly leaf dependencies       "isSatisfied": true
140 silly leaf dependencies     },
140 silly leaf dependencies     {
140 silly leaf dependencies       "dependency": "gulp-bem-xjst@^3.0.0",
140 silly leaf dependencies       "isSatisfied": true
140 silly leaf dependencies     },
140 silly leaf dependencies     {
140 silly leaf dependencies       "dependency": "gulp-concat@^2.6.1",
140 silly leaf dependencies       "isSatisfied": true
140 silly leaf dependencies     },
140 silly leaf dependencies     {
140 silly leaf dependencies       "dependency": "gulp-csso@^3.0.0",
140 silly leaf dependencies       "isSatisfied": true
140 silly leaf dependencies     },
140 silly leaf dependencies     {
140 silly leaf dependencies       "dependency": "gulp-debug@^3.1.0",
140 silly leaf dependencies       "isSatisfied": true
140 silly leaf dependencies     },
140 silly leaf dependencies     {
140 silly leaf dependencies       "dependency": "gulp-one-of@^1.0.1",
140 silly leaf dependencies       "isSatisfied": true
140 silly leaf dependencies     },
140 silly leaf dependencies     {
140 silly leaf dependencies       "dependency": "gulp-postcss@^7.0.0",
140 silly leaf dependencies       "isSatisfied": true
140 silly leaf dependencies     },
140 silly leaf dependencies     {
140 silly leaf dependencies       "dependency": "gulp-uglify@^3.0.0",
140 silly leaf dependencies       "isSatisfied": true
140 silly leaf dependencies     },
140 silly leaf dependencies     {
140 silly leaf dependencies       "dependency": "merge2@^1.2.0",
140 silly leaf dependencies       "isSatisfied": true
140 silly leaf dependencies     },
140 silly leaf dependencies     {
140 silly leaf dependencies       "dependency": "postcss-calc@^6.0.1",
140 silly leaf dependencies       "isSatisfied": true
140 silly leaf dependencies     },
140 silly leaf dependencies     {
140 silly leaf dependencies       "dependency": "postcss-each@^0.10.0",
140 silly leaf dependencies       "isSatisfied": true
140 silly leaf dependencies     },
140 silly leaf dependencies     {
140 silly leaf dependencies       "dependency": "postcss-for@^2.1.1",
140 silly leaf dependencies       "isSatisfied": true
140 silly leaf dependencies     },
140 silly leaf dependencies     {
140 silly leaf dependencies       "dependency": "postcss-import@^11.0.0",
140 silly leaf dependencies       "isSatisfied": true
140 silly leaf dependencies     },
140 silly leaf dependencies     {
140 silly leaf dependencies       "dependency": "postcss-nested@^2.1.2",
140 silly leaf dependencies       "isSatisfied": true
140 silly leaf dependencies     },
140 silly leaf dependencies     {
140 silly leaf dependencies       "dependency": "postcss-reporter@^5.0.0",
140 silly leaf dependencies       "isSatisfied": true
140 silly leaf dependencies     },
140 silly leaf dependencies     {
140 silly leaf dependencies       "dependency": "postcss-simple-vars@^4.1.0",
140 silly leaf dependencies       "isSatisfied": true
140 silly leaf dependencies     },
140 silly leaf dependencies     {
140 silly leaf dependencies       "dependency": "postcss-url@^7.1.2",
140 silly leaf dependencies       "isSatisfied": true
140 silly leaf dependencies     },
140 silly leaf dependencies     {
140 silly leaf dependencies       "dependency": "rebem-css@^0.2.0",
140 silly leaf dependencies       "isSatisfied": true
140 silly leaf dependencies     },
140 silly leaf dependencies     {
140 silly leaf dependencies       "dependency": "ym@^0.1.2",
140 silly leaf dependencies       "isSatisfied": true
140 silly leaf dependencies     },
140 silly leaf dependencies     {
140 silly leaf dependencies       "dependency": "mississippi@^1.3.0",
140 silly leaf dependencies       "isSatisfied": true
140 silly leaf dependencies     }
140 silly leaf dependencies   ],
140 silly leaf dependencies   "@agrarium/core": [
140 silly leaf dependencies     {
140 silly leaf dependencies       "dependency": "mississippi@^1.3.0",
140 silly leaf dependencies       "isSatisfied": true
140 silly leaf dependencies     },
140 silly leaf dependencies     {
140 silly leaf dependencies       "dependency": "@bem/sdk.walk@^0.2.1",
140 silly leaf dependencies       "isSatisfied": true
140 silly leaf dependencies     },
140 silly leaf dependencies     {
140 silly leaf dependencies       "dependency": "node-eval@^1.1.1",
140 silly leaf dependencies       "isSatisfied": true
140 silly leaf dependencies     },
140 silly leaf dependencies     {
140 silly leaf dependencies       "dependency": "stream-to-array@^2.3.0",
140 silly leaf dependencies       "isSatisfied": true
140 silly leaf dependencies     },
140 silly leaf dependencies     {
140 silly leaf dependencies       "dependency": "vinyl@^2.1.0",
140 silly leaf dependencies       "isSatisfied": true
140 silly leaf dependencies     }
140 silly leaf dependencies   ],
140 silly leaf dependencies   "@agrarium/preset-bem": [
140 silly leaf dependencies     {
140 silly leaf dependencies       "dependency": "mississippi@^1.3.0",
140 silly leaf dependencies       "isSatisfied": true
140 silly leaf dependencies     },
140 silly leaf dependencies     {
140 silly leaf dependencies       "dependency": "node-eval@^2.0.0",
140 silly leaf dependencies       "isSatisfied": false
140 silly leaf dependencies     },
140 silly leaf dependencies     {
140 silly leaf dependencies       "dependency": "bem-components@^6.0.1",
140 silly leaf dependencies       "isSatisfied": true
140 silly leaf dependencies     },
140 silly leaf dependencies     {
140 silly leaf dependencies       "dependency": "bem-core@^3.2.1",
140 silly leaf dependencies       "isSatisfied": true
140 silly leaf dependencies     }
140 silly leaf dependencies   ],
140 silly leaf dependencies   "@agrarium/plugin-jsdoc": [
140 silly leaf dependencies     {
140 silly leaf dependencies       "dependency": "comment-parser@^0.4.2",
140 silly leaf dependencies       "isSatisfied": true
140 silly leaf dependencies     }
140 silly leaf dependencies   ],
140 silly leaf dependencies   "@agrarium/plugin-markdown": [
140 silly leaf dependencies     {
140 silly leaf dependencies       "dependency": "posthtml@^0.11.0",
140 silly leaf dependencies       "isSatisfied": false
140 silly leaf dependencies     },
140 silly leaf dependencies     {
140 silly leaf dependencies       "dependency": "postmd@0.0.2",
140 silly leaf dependencies       "isSatisfied": true
140 silly leaf dependencies     }
140 silly leaf dependencies   ]
140 silly leaf dependencies }
141 info Installing external dependencies
142 verbose actions 3 actions, concurrency 4
143 silly installInDir builder-xjst [ 'autoprefixer@^7.1.6',
143 silly installInDir   '@bem/sdk.bundle@^0.2.1',
143 silly installInDir   'bem-xjst@^8.8.4',
143 silly installInDir   'gulp@github:gulpjs/gulp#4.0',
143 silly installInDir   'gulp-bem-bundle-builder@^0.1.4',
143 silly installInDir   'gulp-bem-xjst@^3.0.0',
143 silly installInDir   'gulp-concat@^2.6.1',
143 silly installInDir   'gulp-csso@^3.0.0',
143 silly installInDir   'gulp-debug@^3.1.0',
143 silly installInDir   'gulp-one-of@^1.0.1',
143 silly installInDir   'gulp-postcss@^7.0.0',
143 silly installInDir   'gulp-uglify@^3.0.0',
143 silly installInDir   'merge2@^1.2.0',
143 silly installInDir   'postcss-calc@^6.0.1',
143 silly installInDir   'postcss-each@^0.10.0',
143 silly installInDir   'postcss-for@^2.1.1',
143 silly installInDir   'postcss-import@^11.0.0',
143 silly installInDir   'postcss-nested@^2.1.2',
143 silly installInDir   'postcss-reporter@^5.0.0',
143 silly installInDir   'postcss-simple-vars@^4.1.0',
143 silly installInDir   'postcss-url@^7.1.2',
143 silly installInDir   'rebem-css@^0.2.0',
143 silly installInDir   'ym@^0.1.2',
143 silly installInDir   'mississippi@^1.3.0' ]
144 silly installInDir backup /Users/grape/Sources/agrarium/packages/builder-xjst/package.json
145 silly rename [ '/Users/grape/Sources/agrarium/packages/builder-xjst/package.json',
145 silly rename   '/Users/grape/Sources/agrarium/packages/builder-xjst/package.json.lerna_backup' ]
146 silly installInDir preset-bem [ 'mississippi@^1.3.0',
146 silly installInDir   'node-eval@^2.0.0',
146 silly installInDir   'bem-components@^6.0.1',
146 silly installInDir   'bem-core@^3.2.1' ]
147 silly installInDir backup /Users/grape/Sources/agrarium/packages/preset-bem/package.json
148 silly rename [ '/Users/grape/Sources/agrarium/packages/preset-bem/package.json',
148 silly rename   '/Users/grape/Sources/agrarium/packages/preset-bem/package.json.lerna_backup' ]
149 silly installInDir plugin-markdown [ 'posthtml@^0.11.0', 'postmd@0.0.2' ]
150 silly installInDir backup /Users/grape/Sources/agrarium/packages/plugin-markdown/package.json
151 silly rename [ '/Users/grape/Sources/agrarium/packages/plugin-markdown/package.json',
151 silly rename   '/Users/grape/Sources/agrarium/packages/plugin-markdown/package.json.lerna_backup' ]
152 silly installInDir writing tempJson { dependencies:
152 silly installInDir    { autoprefixer: '^7.1.6',
152 silly installInDir      '@bem/sdk.bundle': '^0.2.1',
152 silly installInDir      'bem-xjst': '^8.8.4',
152 silly installInDir      gulp: 'github:gulpjs/gulp#4.0',
152 silly installInDir      'gulp-bem-bundle-builder': '^0.1.4',
152 silly installInDir      'gulp-bem-xjst': '^3.0.0',
152 silly installInDir      'gulp-concat': '^2.6.1',
152 silly installInDir      'gulp-csso': '^3.0.0',
152 silly installInDir      'gulp-debug': '^3.1.0',
152 silly installInDir      'gulp-one-of': '^1.0.1',
152 silly installInDir      'gulp-postcss': '^7.0.0',
152 silly installInDir      'gulp-uglify': '^3.0.0',
152 silly installInDir      merge2: '^1.2.0',
152 silly installInDir      'postcss-calc': '^6.0.1',
152 silly installInDir      'postcss-each': '^0.10.0',
152 silly installInDir      'postcss-for': '^2.1.1',
152 silly installInDir      'postcss-import': '^11.0.0',
152 silly installInDir      'postcss-nested': '^2.1.2',
152 silly installInDir      'postcss-reporter': '^5.0.0',
152 silly installInDir      'postcss-simple-vars': '^4.1.0',
152 silly installInDir      'postcss-url': '^7.1.2',
152 silly installInDir      'rebem-css': '^0.2.0',
152 silly installInDir      ym: '^0.1.2',
152 silly installInDir      mississippi: '^1.3.0' } }
153 silly installInDir writing tempJson { dependencies:
153 silly installInDir    { mississippi: '^1.3.0',
153 silly installInDir      'node-eval': '^2.0.0',
153 silly installInDir      'bem-components': '^6.0.1',
153 silly installInDir      'bem-core': '^3.2.1' } }
154 silly installInDir writing tempJson { dependencies: { posthtml: '^0.11.0', postmd: '0.0.2' } }
155 silly getExecOpts { cwd: '/Users/grape/Sources/agrarium/packages/preset-bem' }
156 silly installInDir [ 'npm', [ 'install', '--no-package-lock' ] ]
157 silly getExecOpts { cwd: '/Users/grape/Sources/agrarium/packages/builder-xjst' }
158 silly installInDir [ 'npm', [ 'install', '--no-package-lock' ] ]
159 silly getExecOpts { cwd: '/Users/grape/Sources/agrarium/packages/plugin-markdown' }
160 silly installInDir [ 'npm', [ 'install', '--no-package-lock' ] ]
161 silly installInDir cleanup /Users/grape/Sources/agrarium/packages/plugin-markdown/package.json
162 silly renameSync [ '/Users/grape/Sources/agrarium/packages/plugin-markdown/package.json.lerna_backup',
162 silly renameSync   '/Users/grape/Sources/agrarium/packages/plugin-markdown/package.json' ]
163 verbose installed leaf @agrarium/plugin-markdown
164 silly installInDir cleanup /Users/grape/Sources/agrarium/packages/builder-xjst/package.json
165 silly renameSync [ '/Users/grape/Sources/agrarium/packages/builder-xjst/package.json.lerna_backup',
165 silly renameSync   '/Users/grape/Sources/agrarium/packages/builder-xjst/package.json' ]
166 verbose installed leaf @agrarium/builder-xjst
167 silly installInDir cleanup /Users/grape/Sources/agrarium/packages/preset-bem/package.json
168 silly renameSync [ '/Users/grape/Sources/agrarium/packages/preset-bem/package.json.lerna_backup',
168 silly renameSync   '/Users/grape/Sources/agrarium/packages/preset-bem/package.json' ]
169 verbose installed leaf @agrarium/preset-bem
170 error execute callback with error
171 error Error: Command failed: npm install --no-package-lock
171 error npm WARN checkPermissions Missing write access to /Users/grape/Sources/agrarium/packages/preset-bem/node_modules/@agrarium/plugin-components-collector
171 error npm WARN checkPermissions Missing write access to /Users/grape/Sources/agrarium/packages/preset-bem/node_modules/@agrarium/plugin-inline-examples
171 error npm WARN preset-bem No description
171 error npm WARN preset-bem No repository field.
171 error npm WARN preset-bem No license field.
171 error
171 error npm ERR! path /Users/grape/Sources/agrarium/packages/preset-bem/node_modules/@agrarium/plugin-components-collector
171 error npm ERR! code ENOENT
171 error npm ERR! errno -2
171 error npm ERR! syscall access
171 error npm ERR! enoent ENOENT: no such file or directory, access '/Users/grape/Sources/agrarium/packages/preset-bem/node_modules/@agrarium/plugin-components-collector'
171 error npm ERR! enoent This is related to npm not being able to find a file.
171 error npm ERR! enoent
171 error
171 error npm ERR! A complete log of this run can be found in:
171 error npm ERR!     /Users/grape/.npm/_logs/2017-12-18T17_40_05_020Z-debug.log
171 error
171 error     at Promise.all.then.arr (/Users/grape/.nvm/versions/node/v8.4.0/lib/node_modules/lerna/node_modules/execa/index.js:236:11)
171 error     at <anonymous>
